<?xml version="1.0" encoding="UTF-8"?>
<testng-results skipped="0" failed="0" total="1" passed="1">
  <reporter-output>
  </reporter-output>
  <suite name="Default suite" duration-ms="24246" started-at="2019-08-13T12:14:20Z" finished-at="2019-08-13T12:14:44Z">
    <groups>
    </groups>
    <test name="Default test" duration-ms="24246" started-at="2019-08-13T12:14:20Z" finished-at="2019-08-13T12:14:44Z">
      <class name="Project2AR.com.sap.projecttest.AR.Bcp">
        <test-method status="PASS" signature="launch()[pri:0, instance:Project2AR.com.sap.projecttest.AR.Bcp@7cd62f43]" name="launch" duration-ms="24218" started-at="2019-08-13T17:44:20Z" finished-at="2019-08-13T17:44:44Z">
          <reporter-output>
          </reporter-output>
        </test-method> <!-- launch -->
      </class> <!-- Project2AR.com.sap.projecttest.AR.Bcp -->
    </test> <!-- Default test -->
  </suite> <!-- Default suite -->
</testng-results>
